[2025-07-30T15:18:29.234Z] [31MERROR[39M: uncaughtException: ⨯ Unable to compile TypeScript:
[96msrc/modules/cart/cart.repository.ts[0m:[93m6[0m:[93m19[0m - [91merror[0m[90m TS2339: [0mProperty 'cart' does not exist on type 'DynamicClientExtensionThis<TypeMap<InternalArgs & { result: {}; model: {}; query: {}; client: {}; }, {}>, TypeMapCb<PrismaClientOptions>, { result: {}; model: {}; query: {}; client: {}; }>'.

[7m6[0m     return prisma.cart.findFirst({
[7m [0m [91m                  ~~~~[0m
[96msrc/modules/cart/cart.repository.ts[0m:[93m13[0m:[93m19[0m - [91merror[0m[90m TS2339: [0mProperty 'cart' does not exist on type 'DynamicClientExtensionThis<TypeMap<InternalArgs & { result: {}; model: {}; query: {}; client: {}; }, {}>, TypeMapCb<PrismaClientOptions>, { result: {}; model: {}; query: {}; client: {}; }>'.

[7m13[0m     return prisma.cart.findUnique({
[7m  [0m [91m                  ~~~~[0m
[96msrc/modules/cart/cart.repository.ts[0m:[93m20[0m:[93m19[0m - [91merror[0m[90m TS2339: [0mProperty 'cart' does not exist on type 'DynamicClientExtensionThis<TypeMap<InternalArgs & { result: {}; model: {}; query: {}; client: {}; }, {}>, TypeMapCb<PrismaClientOptions>, { result: {}; model: {}; query: {}; client: {}; }>'.

[7m20[0m     return prisma.cart.create({
[7m  [0m [91m                  ~~~~[0m
[96msrc/modules/cart/cart.repository.ts[0m:[93m29[0m:[93m19[0m - [91merror[0m[90m TS2339: [0mProperty 'cartItem' does not exist on type 'DynamicClientExtensionThis<TypeMap<InternalArgs & { result: {}; model: {}; query: {}; client: {}; }, {}>, TypeMapCb<PrismaClientOptions>, { result: {}; model: {}; query: {}; client: {}; }>'.

[7m29[0m     return prisma.cartItem.findFirst({
[7m  [0m [91m                  ~~~~~~~~[0m
[96msrc/modules/cart/cart.repository.ts[0m:[93m41[0m:[93m36[0m - [91merror[0m[90m TS2339: [0mProperty 'productVariant' does not exist on type 'DynamicClientExtensionThis<TypeMap<InternalArgs & { result: {}; model: {}; query: {}; client: {}; }, {}>, TypeMapCb<PrismaClientOptions>, { result: {}; model: {}; query: {}; client: {}; }>'.

[7m41[0m       const variant = await prisma.productVariant.findUnique({
[7m  [0m [91m                                   ~~~~~~~~~~~~~~[0m
[96msrc/modules/cart/cart.repository.ts[0m:[93m52[0m:[93m27[0m - [91merror[0m[90m TS2339: [0mProperty 'cartItem' does not exist on type 'DynamicClientExtensionThis<TypeMap<InternalArgs & { result: {}; model: {}; query: {}; client: {}; }, {}>, TypeMapCb<PrismaClientOptions>, { result: {}; model: {}; query: {}; client: {}; }>'.

[7m52[0m       return await prisma.cartItem.create({ data });
[7m  [0m [91m                          ~~~~~~~~[0m
[96msrc/modules/cart/cart.repository.ts[0m:[93m66[0m:[93m35[0m - [91merror[0m[90m TS2339: [0mProperty 'cartItem' does not exist on type 'DynamicClientExtensionThis<TypeMap<InternalArgs & { result: {}; model: {}; query: {}; client: {}; }, {}>, TypeMapCb<PrismaClientOptions>, { result: {}; model: {}; query: {}; client: {}; }>'.

[7m66[0m     const cartItem = await prisma.cartItem.findUnique({
[7m  [0m [91m                                  ~~~~~~~~[0m
[96msrc/modules/cart/cart.repository.ts[0m:[93m77[0m:[93m19[0m - [91merror[0m[90m TS2339: [0mProperty 'cartItem' does not exist on type 'DynamicClientExtensionThis<TypeMap<InternalArgs & { result: {}; model: {}; query: {}; client: {}; }, {}>, TypeMapCb<PrismaClientOptions>, { result: {}; model: {}; query: {}; client: {}; }>'.

[7m77[0m     return prisma.cartItem.update({
[7m  [0m [91m                  ~~~~~~~~[0m
[96msrc/modules/cart/cart.repository.ts[0m:[93m84[0m:[93m19[0m - [91merror[0m[90m TS2339: [0mProperty 'cartItem' does not exist on type 'DynamicClientExtensionThis<TypeMap<InternalArgs & { result: {}; model: {}; query: {}; client: {}; }, {}>, TypeMapCb<PrismaClientOptions>, { result: {}; model: {}; query: {}; client: {}; }>'.

[7m84[0m     return prisma.cartItem.delete({ where: { id: itemId } });
[7m  [0m [91m                  ~~~~~~~~[0m
[96msrc/modules/cart/cart.repository.ts[0m:[93m88[0m:[93m39[0m - [91merror[0m[90m TS2339: [0mProperty 'cartItem' does not exist on type 'DynamicClientExtensionThis<TypeMap<InternalArgs & { result: {}; model: {}; query: {}; client: {}; }, {}>, TypeMapCb<PrismaClientOptions>, { result: {}; model: {}; query: {}; client: {}; }>'.

[7m88[0m     const sessionItems = await prisma.cartItem.findMany({
[7m  [0m [91m                                      ~~~~~~~~[0m
[96msrc/modules/cart/cart.repository.ts[0m:[93m94[0m:[93m41[0m - [91merror[0m[90m TS2339: [0mProperty 'cartItem' does not exist on type 'DynamicClientExtensionThis<TypeMap<InternalArgs & { result: {}; model: {}; query: {}; client: {}; }, {}>, TypeMapCb<PrismaClientOptions>, { result: {}; model: {}; query: {}; client: {}; }>'.

[7m94[0m       const existingItem = await prisma.cartItem.findFirst({
[7m  [0m [91m                                        ~~~~~~~~[0m
[96msrc/modules/cart/cart.repository.ts[0m:[93m102[0m:[93m22[0m - [91merror[0m[90m TS2339: [0mProperty 'cartItem' does not exist on type 'DynamicClientExtensionThis<TypeMap<InternalArgs & { result: {}; model: {}; query: {}; client: {}; }, {}>, TypeMapCb<PrismaClientOptions>, { result: {}; model: {}; query: {}; client: {}; }>'.

[7m102[0m         await prisma.cartItem.update({
[7m   [0m [91m                     ~~~~~~~~[0m
[96msrc/modules/cart/cart.repository.ts[0m:[93m110[0m:[93m22[0m - [91merror[0m[90m TS2339: [0mProperty 'cartItem' does not exist on type 'DynamicClientExtensionThis<TypeMap<InternalArgs & { result: {}; model: {}; query: {}; client: {}; }, {}>, TypeMapCb<PrismaClientOptions>, { result: {}; model: {}; query: {}; client: {}; }>'.

[7m110[0m         await prisma.cartItem.create({
[7m   [0m [91m                     ~~~~~~~~[0m
[96msrc/modules/cart/cart.repository.ts[0m:[93m119[0m:[93m18[0m - [91merror[0m[90m TS2339: [0mProperty 'cart' does not exist on type 'DynamicClientExtensionThis<TypeMap<InternalArgs & { result: {}; model: {}; query: {}; client: {}; }, {}>, TypeMapCb<PrismaClientOptions>, { result: {}; model: {}; query: {}; client: {}; }>'.

[7m119[0m     await prisma.cart.delete({ where: { id: sessionCartId } });
[7m   [0m [91m                 ~~~~[0m
[96msrc/modules/cart/cart.repository.ts[0m:[93m123[0m:[93m19[0m - [91merror[0m[90m TS2339: [0mProperty 'cart' does not exist on type 'DynamicClientExtensionThis<TypeMap<InternalArgs & { result: {}; model: {}; query: {}; client: {}; }, {}>, TypeMapCb<PrismaClientOptions>, { result: {}; model: {}; query: {}; client: {}; }>'.

[7m123[0m     return prisma.cart.delete({ where: { id } });
[7m   [0m [91m                  ~~~~[0m
[96msrc/modules/cart/cart.repository.ts[0m:[93m128[0m:[93m31[0m - [91merror[0m[90m TS2339: [0mProperty 'cart' does not exist on type 'DynamicClientExtensionThis<TypeMap<InternalArgs & { result: {}; model: {}; query: {}; client: {}; }, {}>, TypeMapCb<PrismaClientOptions>, { result: {}; model: {}; query: {}; client: {}; }> | TransactionClient'.
  Property 'cart' does not exist on type 'DynamicClientExtensionThis<TypeMap<InternalArgs & { result: {}; model: {}; query: {}; client: {}; }, {}>, TypeMapCb<PrismaClientOptions>, { result: {}; model: {}; query: {}; client: {}; }>'.

[7m128[0m     const cart = await client.cart.findFirst({
[7m   [0m [91m                              ~~~~[0m
[96msrc/modules/cart/cart.repository.ts[0m:[93m138[0m:[93m19[0m - [91merror[0m[90m TS2339: [0mProperty 'cartItem' does not exist on type 'DynamicClientExtensionThis<TypeMap<InternalArgs & { result: {}; model: {}; query: {}; client: {}; }, {}>, TypeMapCb<PrismaClientOptions>, { result: {}; model: {}; query: {}; client: {}; }> | TransactionClient'.
  Property 'cartItem' does not exist on type 'DynamicClientExtensionThis<TypeMap<InternalArgs & { result: {}; model: {}; query: {}; client: {}; }, {}>, TypeMapCb<PrismaClientOptions>, { result: {}; model: {}; query: {}; client: {}; }>'.

[7m138[0m     return client.cartItem.deleteMany({
[7m   [0m [91m                  ~~~~~~~~[0m

TSError: ⨯ Unable to compile TypeScript:
[96msrc/modules/cart/cart.repository.ts[0m:[93m6[0m:[93m19[0m - [91merror[0m[90m TS2339: [0mProperty 'cart' does not exist on type 'DynamicClientExtensionThis<TypeMap<InternalArgs & { result: {}; model: {}; query: {}; client: {}; }, {}>, TypeMapCb<PrismaClientOptions>, { result: {}; model: {}; query: {}; client: {}; }>'.

[7m6[0m     return prisma.cart.findFirst({
[7m [0m [91m                  ~~~~[0m
[96msrc/modules/cart/cart.repository.ts[0m:[93m13[0m:[93m19[0m - [91merror[0m[90m TS2339: [0mProperty 'cart' does not exist on type 'DynamicClientExtensionThis<TypeMap<InternalArgs & { result: {}; model: {}; query: {}; client: {}; }, {}>, TypeMapCb<PrismaClientOptions>, { result: {}; model: {}; query: {}; client: {}; }>'.

[7m13[0m     return prisma.cart.findUnique({
[7m  [0m [91m                  ~~~~[0m
[96msrc/modules/cart/cart.repository.ts[0m:[93m20[0m:[93m19[0m - [91merror[0m[90m TS2339: [0mProperty 'cart' does not exist on type 'DynamicClientExtensionThis<TypeMap<InternalArgs & { result: {}; model: {}; query: {}; client: {}; }, {}>, TypeMapCb<PrismaClientOptions>, { result: {}; model: {}; query: {}; client: {}; }>'.

[7m20[0m     return prisma.cart.create({
[7m  [0m [91m                  ~~~~[0m
[96msrc/modules/cart/cart.repository.ts[0m:[93m29[0m:[93m19[0m - [91merror[0m[90m TS2339: [0mProperty 'cartItem' does not exist on type 'DynamicClientExtensionThis<TypeMap<InternalArgs & { result: {}; model: {}; query: {}; client: {}; }, {}>, TypeMapCb<PrismaClientOptions>, { result: {}; model: {}; query: {}; client: {}; }>'.

[7m29[0m     return prisma.cartItem.findFirst({
[7m  [0m [91m                  ~~~~~~~~[0m
[96msrc/modules/cart/cart.repository.ts[0m:[93m41[0m:[93m36[0m - [91merror[0m[90m TS2339: [0mProperty 'productVariant' does not exist on type 'DynamicClientExtensionThis<TypeMap<InternalArgs & { result: {}; model: {}; query: {}; client: {}; }, {}>, TypeMapCb<PrismaClientOptions>, { result: {}; model: {}; query: {}; client: {}; }>'.

[7m41[0m       const variant = await prisma.productVariant.findUnique({
[7m  [0m [91m                                   ~~~~~~~~~~~~~~[0m
[96msrc/modules/cart/cart.repository.ts[0m:[93m52[0m:[93m27[0m - [91merror[0m[90m TS2339: [0mProperty 'cartItem' does not exist on type 'DynamicClientExtensionThis<TypeMap<InternalArgs & { result: {}; model: {}; query: {}; client: {}; }, {}>, TypeMapCb<PrismaClientOptions>, { result: {}; model: {}; query: {}; client: {}; }>'.

[7m52[0m       return await prisma.cartItem.create({ data });
[7m  [0m [91m                          ~~~~~~~~[0m
[96msrc/modules/cart/cart.repository.ts[0m:[93m66[0m:[93m35[0m - [91merror[0m[90m TS2339: [0mProperty 'cartItem' does not exist on type 'DynamicClientExtensionThis<TypeMap<InternalArgs & { result: {}; model: {}; query: {}; client: {}; }, {}>, TypeMapCb<PrismaClientOptions>, { result: {}; model: {}; query: {}; client: {}; }>'.

[7m66[0m     const cartItem = await prisma.cartItem.findUnique({
[7m  [0m [91m                                  ~~~~~~~~[0m
[96msrc/modules/cart/cart.repository.ts[0m:[93m77[0m:[93m19[0m - [91merror[0m[90m TS2339: [0mProperty 'cartItem' does not exist on type 'DynamicClientExtensionThis<TypeMap<InternalArgs & { result: {}; model: {}; query: {}; client: {}; }, {}>, TypeMapCb<PrismaClientOptions>, { result: {}; model: {}; query: {}; client: {}; }>'.

[7m77[0m     return prisma.cartItem.update({
[7m  [0m [91m                  ~~~~~~~~[0m
[96msrc/modules/cart/cart.repository.ts[0m:[93m84[0m:[93m19[0m - [91merror[0m[90m TS2339: [0mProperty 'cartItem' does not exist on type 'DynamicClientExtensionThis<TypeMap<InternalArgs & { result: {}; model: {}; query: {}; client: {}; }, {}>, TypeMapCb<PrismaClientOptions>, { result: {}; model: {}; query: {}; client: {}; }>'.

[7m84[0m     return prisma.cartItem.delete({ where: { id: itemId } });
[7m  [0m [91m                  ~~~~~~~~[0m
[96msrc/modules/cart/cart.repository.ts[0m:[93m88[0m:[93m39[0m - [91merror[0m[90m TS2339: [0mProperty 'cartItem' does not exist on type 'DynamicClientExtensionThis<TypeMap<InternalArgs & { result: {}; model: {}; query: {}; client: {}; }, {}>, TypeMapCb<PrismaClientOptions>, { result: {}; model: {}; query: {}; client: {}; }>'.

[7m88[0m     const sessionItems = await prisma.cartItem.findMany({
[7m  [0m [91m                                      ~~~~~~~~[0m
[96msrc/modules/cart/cart.repository.ts[0m:[93m94[0m:[93m41[0m - [91merror[0m[90m TS2339: [0mProperty 'cartItem' does not exist on type 'DynamicClientExtensionThis<TypeMap<InternalArgs & { result: {}; model: {}; query: {}; client: {}; }, {}>, TypeMapCb<PrismaClientOptions>, { result: {}; model: {}; query: {}; client: {}; }>'.

[7m94[0m       const existingItem = await prisma.cartItem.findFirst({
[7m  [0m [91m                                        ~~~~~~~~[0m
[96msrc/modules/cart/cart.repository.ts[0m:[93m102[0m:[93m22[0m - [91merror[0m[90m TS2339: [0mProperty 'cartItem' does not exist on type 'DynamicClientExtensionThis<TypeMap<InternalArgs & { result: {}; model: {}; query: {}; client: {}; }, {}>, TypeMapCb<PrismaClientOptions>, { result: {}; model: {}; query: {}; client: {}; }>'.

[7m102[0m         await prisma.cartItem.update({
[7m   [0m [91m                     ~~~~~~~~[0m
[96msrc/modules/cart/cart.repository.ts[0m:[93m110[0m:[93m22[0m - [91merror[0m[90m TS2339: [0mProperty 'cartItem' does not exist on type 'DynamicClientExtensionThis<TypeMap<InternalArgs & { result: {}; model: {}; query: {}; client: {}; }, {}>, TypeMapCb<PrismaClientOptions>, { result: {}; model: {}; query: {}; client: {}; }>'.

[7m110[0m         await prisma.cartItem.create({
[7m   [0m [91m                     ~~~~~~~~[0m
[96msrc/modules/cart/cart.repository.ts[0m:[93m119[0m:[93m18[0m - [91merror[0m[90m TS2339: [0mProperty 'cart' does not exist on type 'DynamicClientExtensionThis<TypeMap<InternalArgs & { result: {}; model: {}; query: {}; client: {}; }, {}>, TypeMapCb<PrismaClientOptions>, { result: {}; model: {}; query: {}; client: {}; }>'.

[7m119[0m     await prisma.cart.delete({ where: { id: sessionCartId } });
[7m   [0m [91m                 ~~~~[0m
[96msrc/modules/cart/cart.repository.ts[0m:[93m123[0m:[93m19[0m - [91merror[0m[90m TS2339: [0mProperty 'cart' does not exist on type 'DynamicClientExtensionThis<TypeMap<InternalArgs & { result: {}; model: {}; query: {}; client: {}; }, {}>, TypeMapCb<PrismaClientOptions>, { result: {}; model: {}; query: {}; client: {}; }>'.

[7m123[0m     return prisma.cart.delete({ where: { id } });
[7m   [0m [91m                  ~~~~[0m
[96msrc/modules/cart/cart.repository.ts[0m:[93m128[0m:[93m31[0m - [91merror[0m[90m TS2339: [0mProperty 'cart' does not exist on type 'DynamicClientExtensionThis<TypeMap<InternalArgs & { result: {}; model: {}; query: {}; client: {}; }, {}>, TypeMapCb<PrismaClientOptions>, { result: {}; model: {}; query: {}; client: {}; }> | TransactionClient'.
  Property 'cart' does not exist on type 'DynamicClientExtensionThis<TypeMap<InternalArgs & { result: {}; model: {}; query: {}; client: {}; }, {}>, TypeMapCb<PrismaClientOptions>, { result: {}; model: {}; query: {}; client: {}; }>'.

[7m128[0m     const cart = await client.cart.findFirst({
[7m   [0m [91m                              ~~~~[0m
[96msrc/modules/cart/cart.repository.ts[0m:[93m138[0m:[93m19[0m - [91merror[0m[90m TS2339: [0mProperty 'cartItem' does not exist on type 'DynamicClientExtensionThis<TypeMap<InternalArgs & { result: {}; model: {}; query: {}; client: {}; }, {}>, TypeMapCb<PrismaClientOptions>, { result: {}; model: {}; query: {}; client: {}; }> | TransactionClient'.
  Property 'cartItem' does not exist on type 'DynamicClientExtensionThis<TypeMap<InternalArgs & { result: {}; model: {}; query: {}; client: {}; }, {}>, TypeMapCb<PrismaClientOptions>, { result: {}; model: {}; query: {}; client: {}; }>'.

[7m138[0m     return client.cartItem.deleteMany({
[7m   [0m [91m                  ~~~~~~~~[0m

    at createTSError (/home/abdelrahman_aboalkhair/Dev/workspace/xTech/src/server/node_modules/ts-node/src/index.ts:859:12)
    at reportTSError (/home/abdelrahman_aboalkhair/Dev/workspace/xTech/src/server/node_modules/ts-node/src/index.ts:863:19)
    at getOutput (/home/abdelrahman_aboalkhair/Dev/workspace/xTech/src/server/node_modules/ts-node/src/index.ts:1077:36)
    at Object.compile (/home/abdelrahman_aboalkhair/Dev/workspace/xTech/src/server/node_modules/ts-node/src/index.ts:1433:41)
    at Module.m._compile (/home/abdelrahman_aboalkhair/Dev/workspace/xTech/src/server/node_modules/ts-node/src/index.ts:1617:30)
    at node:internal/modules/cjs/loader:1895:10
    at Object.require.extensions.<computed> [as .ts] (/home/abdelrahman_aboalkhair/Dev/workspace/xTech/src/server/node_modules/ts-node/src/index.ts:1621:12)
    at Module.load (node:internal/modules/cjs/loader:1465:32)
    at Function._load (node:internal/modules/cjs/loader:1282:12)
    at TracingChannel.traceSync (node:diagnostics_channel:322:14)
[2025-07-30T15:21:40.485Z] [31MERROR[39M: uncaughtException: ⨯ Unable to compile TypeScript:
[96msrc/modules/cart/cart.repository.ts[0m:[93m6[0m:[93m19[0m - [91merror[0m[90m TS2339: [0mProperty 'cart' does not exist on type 'DynamicClientExtensionThis<TypeMap<InternalArgs & { result: {}; model: {}; query: {}; client: {}; }, {}>, TypeMapCb<PrismaClientOptions>, { result: {}; model: {}; query: {}; client: {}; }>'.

[7m6[0m     return prisma.cart.findFirst({
[7m [0m [91m                  ~~~~[0m
[96msrc/modules/cart/cart.repository.ts[0m:[93m13[0m:[93m19[0m - [91merror[0m[90m TS2339: [0mProperty 'cart' does not exist on type 'DynamicClientExtensionThis<TypeMap<InternalArgs & { result: {}; model: {}; query: {}; client: {}; }, {}>, TypeMapCb<PrismaClientOptions>, { result: {}; model: {}; query: {}; client: {}; }>'.

[7m13[0m     return prisma.cart.findUnique({
[7m  [0m [91m                  ~~~~[0m
[96msrc/modules/cart/cart.repository.ts[0m:[93m20[0m:[93m19[0m - [91merror[0m[90m TS2339: [0mProperty 'cart' does not exist on type 'DynamicClientExtensionThis<TypeMap<InternalArgs & { result: {}; model: {}; query: {}; client: {}; }, {}>, TypeMapCb<PrismaClientOptions>, { result: {}; model: {}; query: {}; client: {}; }>'.

[7m20[0m     return prisma.cart.create({
[7m  [0m [91m                  ~~~~[0m
[96msrc/modules/cart/cart.repository.ts[0m:[93m29[0m:[93m19[0m - [91merror[0m[90m TS2339: [0mProperty 'cartItem' does not exist on type 'DynamicClientExtensionThis<TypeMap<InternalArgs & { result: {}; model: {}; query: {}; client: {}; }, {}>, TypeMapCb<PrismaClientOptions>, { result: {}; model: {}; query: {}; client: {}; }>'.

[7m29[0m     return prisma.cartItem.findFirst({
[7m  [0m [91m                  ~~~~~~~~[0m
[96msrc/modules/cart/cart.repository.ts[0m:[93m41[0m:[93m36[0m - [91merror[0m[90m TS2339: [0mProperty 'productVariant' does not exist on type 'DynamicClientExtensionThis<TypeMap<InternalArgs & { result: {}; model: {}; query: {}; client: {}; }, {}>, TypeMapCb<PrismaClientOptions>, { result: {}; model: {}; query: {}; client: {}; }>'.

[7m41[0m       const variant = await prisma.productVariant.findUnique({
[7m  [0m [91m                                   ~~~~~~~~~~~~~~[0m
[96msrc/modules/cart/cart.repository.ts[0m:[93m52[0m:[93m27[0m - [91merror[0m[90m TS2339: [0mProperty 'cartItem' does not exist on type 'DynamicClientExtensionThis<TypeMap<InternalArgs & { result: {}; model: {}; query: {}; client: {}; }, {}>, TypeMapCb<PrismaClientOptions>, { result: {}; model: {}; query: {}; client: {}; }>'.

[7m52[0m       return await prisma.cartItem.create({ data });
[7m  [0m [91m                          ~~~~~~~~[0m
[96msrc/modules/cart/cart.repository.ts[0m:[93m66[0m:[93m35[0m - [91merror[0m[90m TS2339: [0mProperty 'cartItem' does not exist on type 'DynamicClientExtensionThis<TypeMap<InternalArgs & { result: {}; model: {}; query: {}; client: {}; }, {}>, TypeMapCb<PrismaClientOptions>, { result: {}; model: {}; query: {}; client: {}; }>'.

[7m66[0m     const cartItem = await prisma.cartItem.findUnique({
[7m  [0m [91m                                  ~~~~~~~~[0m
[96msrc/modules/cart/cart.repository.ts[0m:[93m77[0m:[93m19[0m - [91merror[0m[90m TS2339: [0mProperty 'cartItem' does not exist on type 'DynamicClientExtensionThis<TypeMap<InternalArgs & { result: {}; model: {}; query: {}; client: {}; }, {}>, TypeMapCb<PrismaClientOptions>, { result: {}; model: {}; query: {}; client: {}; }>'.

[7m77[0m     return prisma.cartItem.update({
[7m  [0m [91m                  ~~~~~~~~[0m
[96msrc/modules/cart/cart.repository.ts[0m:[93m84[0m:[93m19[0m - [91merror[0m[90m TS2339: [0mProperty 'cartItem' does not exist on type 'DynamicClientExtensionThis<TypeMap<InternalArgs & { result: {}; model: {}; query: {}; client: {}; }, {}>, TypeMapCb<PrismaClientOptions>, { result: {}; model: {}; query: {}; client: {}; }>'.

[7m84[0m     return prisma.cartItem.delete({ where: { id: itemId } });
[7m  [0m [91m                  ~~~~~~~~[0m
[96msrc/modules/cart/cart.repository.ts[0m:[93m88[0m:[93m39[0m - [91merror[0m[90m TS2339: [0mProperty 'cartItem' does not exist on type 'DynamicClientExtensionThis<TypeMap<InternalArgs & { result: {}; model: {}; query: {}; client: {}; }, {}>, TypeMapCb<PrismaClientOptions>, { result: {}; model: {}; query: {}; client: {}; }>'.

[7m88[0m     const sessionItems = await prisma.cartItem.findMany({
[7m  [0m [91m                                      ~~~~~~~~[0m
[96msrc/modules/cart/cart.repository.ts[0m:[93m94[0m:[93m41[0m - [91merror[0m[90m TS2339: [0mProperty 'cartItem' does not exist on type 'DynamicClientExtensionThis<TypeMap<InternalArgs & { result: {}; model: {}; query: {}; client: {}; }, {}>, TypeMapCb<PrismaClientOptions>, { result: {}; model: {}; query: {}; client: {}; }>'.

[7m94[0m       const existingItem = await prisma.cartItem.findFirst({
[7m  [0m [91m                                        ~~~~~~~~[0m
[96msrc/modules/cart/cart.repository.ts[0m:[93m102[0m:[93m22[0m - [91merror[0m[90m TS2339: [0mProperty 'cartItem' does not exist on type 'DynamicClientExtensionThis<TypeMap<InternalArgs & { result: {}; model: {}; query: {}; client: {}; }, {}>, TypeMapCb<PrismaClientOptions>, { result: {}; model: {}; query: {}; client: {}; }>'.

[7m102[0m         await prisma.cartItem.update({
[7m   [0m [91m                     ~~~~~~~~[0m
[96msrc/modules/cart/cart.repository.ts[0m:[93m110[0m:[93m22[0m - [91merror[0m[90m TS2339: [0mProperty 'cartItem' does not exist on type 'DynamicClientExtensionThis<TypeMap<InternalArgs & { result: {}; model: {}; query: {}; client: {}; }, {}>, TypeMapCb<PrismaClientOptions>, { result: {}; model: {}; query: {}; client: {}; }>'.

[7m110[0m         await prisma.cartItem.create({
[7m   [0m [91m                     ~~~~~~~~[0m
[96msrc/modules/cart/cart.repository.ts[0m:[93m119[0m:[93m18[0m - [91merror[0m[90m TS2339: [0mProperty 'cart' does not exist on type 'DynamicClientExtensionThis<TypeMap<InternalArgs & { result: {}; model: {}; query: {}; client: {}; }, {}>, TypeMapCb<PrismaClientOptions>, { result: {}; model: {}; query: {}; client: {}; }>'.

[7m119[0m     await prisma.cart.delete({ where: { id: sessionCartId } });
[7m   [0m [91m                 ~~~~[0m
[96msrc/modules/cart/cart.repository.ts[0m:[93m123[0m:[93m19[0m - [91merror[0m[90m TS2339: [0mProperty 'cart' does not exist on type 'DynamicClientExtensionThis<TypeMap<InternalArgs & { result: {}; model: {}; query: {}; client: {}; }, {}>, TypeMapCb<PrismaClientOptions>, { result: {}; model: {}; query: {}; client: {}; }>'.

[7m123[0m     return prisma.cart.delete({ where: { id } });
[7m   [0m [91m                  ~~~~[0m
[96msrc/modules/cart/cart.repository.ts[0m:[93m128[0m:[93m31[0m - [91merror[0m[90m TS2339: [0mProperty 'cart' does not exist on type 'DynamicClientExtensionThis<TypeMap<InternalArgs & { result: {}; model: {}; query: {}; client: {}; }, {}>, TypeMapCb<PrismaClientOptions>, { result: {}; model: {}; query: {}; client: {}; }> | TransactionClient'.
  Property 'cart' does not exist on type 'DynamicClientExtensionThis<TypeMap<InternalArgs & { result: {}; model: {}; query: {}; client: {}; }, {}>, TypeMapCb<PrismaClientOptions>, { result: {}; model: {}; query: {}; client: {}; }>'.

[7m128[0m     const cart = await client.cart.findFirst({
[7m   [0m [91m                              ~~~~[0m
[96msrc/modules/cart/cart.repository.ts[0m:[93m138[0m:[93m19[0m - [91merror[0m[90m TS2339: [0mProperty 'cartItem' does not exist on type 'DynamicClientExtensionThis<TypeMap<InternalArgs & { result: {}; model: {}; query: {}; client: {}; }, {}>, TypeMapCb<PrismaClientOptions>, { result: {}; model: {}; query: {}; client: {}; }> | TransactionClient'.
  Property 'cartItem' does not exist on type 'DynamicClientExtensionThis<TypeMap<InternalArgs & { result: {}; model: {}; query: {}; client: {}; }, {}>, TypeMapCb<PrismaClientOptions>, { result: {}; model: {}; query: {}; client: {}; }>'.

[7m138[0m     return client.cartItem.deleteMany({
[7m   [0m [91m                  ~~~~~~~~[0m

TSError: ⨯ Unable to compile TypeScript:
[96msrc/modules/cart/cart.repository.ts[0m:[93m6[0m:[93m19[0m - [91merror[0m[90m TS2339: [0mProperty 'cart' does not exist on type 'DynamicClientExtensionThis<TypeMap<InternalArgs & { result: {}; model: {}; query: {}; client: {}; }, {}>, TypeMapCb<PrismaClientOptions>, { result: {}; model: {}; query: {}; client: {}; }>'.

[7m6[0m     return prisma.cart.findFirst({
[7m [0m [91m                  ~~~~[0m
[96msrc/modules/cart/cart.repository.ts[0m:[93m13[0m:[93m19[0m - [91merror[0m[90m TS2339: [0mProperty 'cart' does not exist on type 'DynamicClientExtensionThis<TypeMap<InternalArgs & { result: {}; model: {}; query: {}; client: {}; }, {}>, TypeMapCb<PrismaClientOptions>, { result: {}; model: {}; query: {}; client: {}; }>'.

[7m13[0m     return prisma.cart.findUnique({
[7m  [0m [91m                  ~~~~[0m
[96msrc/modules/cart/cart.repository.ts[0m:[93m20[0m:[93m19[0m - [91merror[0m[90m TS2339: [0mProperty 'cart' does not exist on type 'DynamicClientExtensionThis<TypeMap<InternalArgs & { result: {}; model: {}; query: {}; client: {}; }, {}>, TypeMapCb<PrismaClientOptions>, { result: {}; model: {}; query: {}; client: {}; }>'.

[7m20[0m     return prisma.cart.create({
[7m  [0m [91m                  ~~~~[0m
[96msrc/modules/cart/cart.repository.ts[0m:[93m29[0m:[93m19[0m - [91merror[0m[90m TS2339: [0mProperty 'cartItem' does not exist on type 'DynamicClientExtensionThis<TypeMap<InternalArgs & { result: {}; model: {}; query: {}; client: {}; }, {}>, TypeMapCb<PrismaClientOptions>, { result: {}; model: {}; query: {}; client: {}; }>'.

[7m29[0m     return prisma.cartItem.findFirst({
[7m  [0m [91m                  ~~~~~~~~[0m
[96msrc/modules/cart/cart.repository.ts[0m:[93m41[0m:[93m36[0m - [91merror[0m[90m TS2339: [0mProperty 'productVariant' does not exist on type 'DynamicClientExtensionThis<TypeMap<InternalArgs & { result: {}; model: {}; query: {}; client: {}; }, {}>, TypeMapCb<PrismaClientOptions>, { result: {}; model: {}; query: {}; client: {}; }>'.

[7m41[0m       const variant = await prisma.productVariant.findUnique({
[7m  [0m [91m                                   ~~~~~~~~~~~~~~[0m
[96msrc/modules/cart/cart.repository.ts[0m:[93m52[0m:[93m27[0m - [91merror[0m[90m TS2339: [0mProperty 'cartItem' does not exist on type 'DynamicClientExtensionThis<TypeMap<InternalArgs & { result: {}; model: {}; query: {}; client: {}; }, {}>, TypeMapCb<PrismaClientOptions>, { result: {}; model: {}; query: {}; client: {}; }>'.

[7m52[0m       return await prisma.cartItem.create({ data });
[7m  [0m [91m                          ~~~~~~~~[0m
[96msrc/modules/cart/cart.repository.ts[0m:[93m66[0m:[93m35[0m - [91merror[0m[90m TS2339: [0mProperty 'cartItem' does not exist on type 'DynamicClientExtensionThis<TypeMap<InternalArgs & { result: {}; model: {}; query: {}; client: {}; }, {}>, TypeMapCb<PrismaClientOptions>, { result: {}; model: {}; query: {}; client: {}; }>'.

[7m66[0m     const cartItem = await prisma.cartItem.findUnique({
[7m  [0m [91m                                  ~~~~~~~~[0m
[96msrc/modules/cart/cart.repository.ts[0m:[93m77[0m:[93m19[0m - [91merror[0m[90m TS2339: [0mProperty 'cartItem' does not exist on type 'DynamicClientExtensionThis<TypeMap<InternalArgs & { result: {}; model: {}; query: {}; client: {}; }, {}>, TypeMapCb<PrismaClientOptions>, { result: {}; model: {}; query: {}; client: {}; }>'.

[7m77[0m     return prisma.cartItem.update({
[7m  [0m [91m                  ~~~~~~~~[0m
[96msrc/modules/cart/cart.repository.ts[0m:[93m84[0m:[93m19[0m - [91merror[0m[90m TS2339: [0mProperty 'cartItem' does not exist on type 'DynamicClientExtensionThis<TypeMap<InternalArgs & { result: {}; model: {}; query: {}; client: {}; }, {}>, TypeMapCb<PrismaClientOptions>, { result: {}; model: {}; query: {}; client: {}; }>'.

[7m84[0m     return prisma.cartItem.delete({ where: { id: itemId } });
[7m  [0m [91m                  ~~~~~~~~[0m
[96msrc/modules/cart/cart.repository.ts[0m:[93m88[0m:[93m39[0m - [91merror[0m[90m TS2339: [0mProperty 'cartItem' does not exist on type 'DynamicClientExtensionThis<TypeMap<InternalArgs & { result: {}; model: {}; query: {}; client: {}; }, {}>, TypeMapCb<PrismaClientOptions>, { result: {}; model: {}; query: {}; client: {}; }>'.

[7m88[0m     const sessionItems = await prisma.cartItem.findMany({
[7m  [0m [91m                                      ~~~~~~~~[0m
[96msrc/modules/cart/cart.repository.ts[0m:[93m94[0m:[93m41[0m - [91merror[0m[90m TS2339: [0mProperty 'cartItem' does not exist on type 'DynamicClientExtensionThis<TypeMap<InternalArgs & { result: {}; model: {}; query: {}; client: {}; }, {}>, TypeMapCb<PrismaClientOptions>, { result: {}; model: {}; query: {}; client: {}; }>'.

[7m94[0m       const existingItem = await prisma.cartItem.findFirst({
[7m  [0m [91m                                        ~~~~~~~~[0m
[96msrc/modules/cart/cart.repository.ts[0m:[93m102[0m:[93m22[0m - [91merror[0m[90m TS2339: [0mProperty 'cartItem' does not exist on type 'DynamicClientExtensionThis<TypeMap<InternalArgs & { result: {}; model: {}; query: {}; client: {}; }, {}>, TypeMapCb<PrismaClientOptions>, { result: {}; model: {}; query: {}; client: {}; }>'.

[7m102[0m         await prisma.cartItem.update({
[7m   [0m [91m                     ~~~~~~~~[0m
[96msrc/modules/cart/cart.repository.ts[0m:[93m110[0m:[93m22[0m - [91merror[0m[90m TS2339: [0mProperty 'cartItem' does not exist on type 'DynamicClientExtensionThis<TypeMap<InternalArgs & { result: {}; model: {}; query: {}; client: {}; }, {}>, TypeMapCb<PrismaClientOptions>, { result: {}; model: {}; query: {}; client: {}; }>'.

[7m110[0m         await prisma.cartItem.create({
[7m   [0m [91m                     ~~~~~~~~[0m
[96msrc/modules/cart/cart.repository.ts[0m:[93m119[0m:[93m18[0m - [91merror[0m[90m TS2339: [0mProperty 'cart' does not exist on type 'DynamicClientExtensionThis<TypeMap<InternalArgs & { result: {}; model: {}; query: {}; client: {}; }, {}>, TypeMapCb<PrismaClientOptions>, { result: {}; model: {}; query: {}; client: {}; }>'.

[7m119[0m     await prisma.cart.delete({ where: { id: sessionCartId } });
[7m   [0m [91m                 ~~~~[0m
[96msrc/modules/cart/cart.repository.ts[0m:[93m123[0m:[93m19[0m - [91merror[0m[90m TS2339: [0mProperty 'cart' does not exist on type 'DynamicClientExtensionThis<TypeMap<InternalArgs & { result: {}; model: {}; query: {}; client: {}; }, {}>, TypeMapCb<PrismaClientOptions>, { result: {}; model: {}; query: {}; client: {}; }>'.

[7m123[0m     return prisma.cart.delete({ where: { id } });
[7m   [0m [91m                  ~~~~[0m
[96msrc/modules/cart/cart.repository.ts[0m:[93m128[0m:[93m31[0m - [91merror[0m[90m TS2339: [0mProperty 'cart' does not exist on type 'DynamicClientExtensionThis<TypeMap<InternalArgs & { result: {}; model: {}; query: {}; client: {}; }, {}>, TypeMapCb<PrismaClientOptions>, { result: {}; model: {}; query: {}; client: {}; }> | TransactionClient'.
  Property 'cart' does not exist on type 'DynamicClientExtensionThis<TypeMap<InternalArgs & { result: {}; model: {}; query: {}; client: {}; }, {}>, TypeMapCb<PrismaClientOptions>, { result: {}; model: {}; query: {}; client: {}; }>'.

[7m128[0m     const cart = await client.cart.findFirst({
[7m   [0m [91m                              ~~~~[0m
[96msrc/modules/cart/cart.repository.ts[0m:[93m138[0m:[93m19[0m - [91merror[0m[90m TS2339: [0mProperty 'cartItem' does not exist on type 'DynamicClientExtensionThis<TypeMap<InternalArgs & { result: {}; model: {}; query: {}; client: {}; }, {}>, TypeMapCb<PrismaClientOptions>, { result: {}; model: {}; query: {}; client: {}; }> | TransactionClient'.
  Property 'cartItem' does not exist on type 'DynamicClientExtensionThis<TypeMap<InternalArgs & { result: {}; model: {}; query: {}; client: {}; }, {}>, TypeMapCb<PrismaClientOptions>, { result: {}; model: {}; query: {}; client: {}; }>'.

[7m138[0m     return client.cartItem.deleteMany({
[7m   [0m [91m                  ~~~~~~~~[0m

    at createTSError (/home/abdelrahman_aboalkhair/Dev/workspace/xTech/src/server/node_modules/ts-node/src/index.ts:859:12)
    at reportTSError (/home/abdelrahman_aboalkhair/Dev/workspace/xTech/src/server/node_modules/ts-node/src/index.ts:863:19)
    at getOutput (/home/abdelrahman_aboalkhair/Dev/workspace/xTech/src/server/node_modules/ts-node/src/index.ts:1077:36)
    at Object.compile (/home/abdelrahman_aboalkhair/Dev/workspace/xTech/src/server/node_modules/ts-node/src/index.ts:1433:41)
    at Module.m._compile (/home/abdelrahman_aboalkhair/Dev/workspace/xTech/src/server/node_modules/ts-node/src/index.ts:1617:30)
    at node:internal/modules/cjs/loader:1895:10
    at Object.require.extensions.<computed> [as .ts] (/home/abdelrahman_aboalkhair/Dev/workspace/xTech/src/server/node_modules/ts-node/src/index.ts:1621:12)
    at Module.load (node:internal/modules/cjs/loader:1465:32)
    at Function._load (node:internal/modules/cjs/loader:1282:12)
    at TracingChannel.traceSync (node:diagnostics_channel:322:14)
[2025-07-30T15:39:54.511Z] [31MERROR[39M: uncaughtException: EIO: i/o error, write
Error: EIO: i/o error, write
    at writeSync (node:fs:924:3)
    at SyncWriteStream._write (node:internal/fs/sync_write_stream:27:5)
    at writeOrBuffer (node:internal/streams/writable:572:12)
    at _write (node:internal/streams/writable:501:10)
    at SyncWriteStream.Writable.write (node:internal/streams/writable:510:10)
    at console.value (node:internal/console/constructor:298:16)
    at console.log (node:internal/console/constructor:384:26)
    at /home/abdelrahman_aboalkhair/Dev/workspace/xTech/src/server/src/infra/database/database.config.ts:31:13
    at Generator.next (<anonymous>)
    at fulfilled (/home/abdelrahman_aboalkhair/Dev/workspace/xTech/src/server/src/infra/database/database.config.ts:5:58)
[2025-07-30T23:10:48.446Z] [31MERROR[39M: uncaughtException: EIO: i/o error, write
Error: EIO: i/o error, write
    at writeSync (node:fs:924:3)
    at SyncWriteStream._write (node:internal/fs/sync_write_stream:27:5)
    at writeOrBuffer (node:internal/streams/writable:572:12)
    at _write (node:internal/streams/writable:501:10)
    at SyncWriteStream.Writable.write (node:internal/streams/writable:510:10)
    at console.value (node:internal/console/constructor:298:16)
    at console.log (node:internal/console/constructor:384:26)
    at /home/abdelrahman_aboalkhair/Dev/workspace/xTech/src/server/src/infra/database/database.config.ts:33:13
    at Generator.throw (<anonymous>)
    at rejected (/home/abdelrahman_aboalkhair/Dev/workspace/xTech/src/server/src/infra/database/database.config.ts:6:65)
[2025-07-31T13:14:17.491Z] [31MERROR[39M: uncaughtException: 
Invalid `prisma.log.create()` invocation in
/home/abdelrahman_aboalkhair/Dev/workspace/xTech/src/server/src/modules/logs/logs.repository.ts:39:23

  36 }
  37 
  38 async createLog(data: LogEntry) {
→ 39   return prisma.log.create(
The table `public.Log` does not exist in the current database.
PrismaClientKnownRequestError: 
Invalid `prisma.log.create()` invocation in
/home/abdelrahman_aboalkhair/Dev/workspace/xTech/src/server/src/modules/logs/logs.repository.ts:39:23

  36 }
  37 
  38 async createLog(data: LogEntry) {
→ 39   return prisma.log.create(
The table `public.Log` does not exist in the current database.
    at Xn.handleRequestError (/home/abdelrahman_aboalkhair/Dev/workspace/xTech/src/server/node_modules/@prisma/client/runtime/library.js:121:7459)
    at Xn.handleAndLogRequestError (/home/abdelrahman_aboalkhair/Dev/workspace/xTech/src/server/node_modules/@prisma/client/runtime/library.js:121:6784)
    at Xn.request (/home/abdelrahman_aboalkhair/Dev/workspace/xTech/src/server/node_modules/@prisma/client/runtime/library.js:121:6491)
    at async l (/home/abdelrahman_aboalkhair/Dev/workspace/xTech/src/server/node_modules/@prisma/client/runtime/library.js:130:9812)
[2025-07-31T13:22:35.043Z] [31MERROR[39M: uncaughtException: 
Invalid `prisma.log.create()` invocation in
/home/abdelrahman_aboalkhair/Dev/workspace/xTech/src/server/src/modules/logs/logs.repository.ts:39:23

  36 }
  37 
  38 async createLog(data: LogEntry) {
→ 39   return prisma.log.create(
The table `public.Log` does not exist in the current database.
PrismaClientKnownRequestError: 
Invalid `prisma.log.create()` invocation in
/home/abdelrahman_aboalkhair/Dev/workspace/xTech/src/server/src/modules/logs/logs.repository.ts:39:23

  36 }
  37 
  38 async createLog(data: LogEntry) {
→ 39   return prisma.log.create(
The table `public.Log` does not exist in the current database.
    at Xn.handleRequestError (/home/abdelrahman_aboalkhair/Dev/workspace/xTech/src/server/node_modules/@prisma/client/runtime/library.js:121:7459)
    at Xn.handleAndLogRequestError (/home/abdelrahman_aboalkhair/Dev/workspace/xTech/src/server/node_modules/@prisma/client/runtime/library.js:121:6784)
    at Xn.request (/home/abdelrahman_aboalkhair/Dev/workspace/xTech/src/server/node_modules/@prisma/client/runtime/library.js:121:6491)
    at async l (/home/abdelrahman_aboalkhair/Dev/workspace/xTech/src/server/node_modules/@prisma/client/runtime/library.js:130:9812)
