[2025-04-15T14:43:25.296Z] [31MERROR[39M: Unauthorized, please log in
[2025-04-15T14:43:25.398Z] [31MERROR[39M: Refresh token not found
[2025-04-15T14:43:49.173Z] [31MERROR[39M: Unauthorized, please log in
[2025-04-15T14:43:49.222Z] [31MERROR[39M: Refresh token not found
[2025-04-15T14:58:55.039Z] [31MERROR[39M: Can't find /api/v1/analytics/years on this server!
[2025-04-15T14:58:55.057Z] [31MERROR[39M: Validation errors:
[2025-04-15T14:58:55.058Z] [31MERROR[39M: Validation failed
[2025-04-15T14:58:55.063Z] [31MERROR[39M: Invalid or missing timePeriod. Use: last7days, lastMonth, lastYear, allTime, or custom
[2025-04-15T14:58:55.070Z] [31MERROR[39M: Invalid or missing timePeriod. Use: last7days, lastMonth, lastYear, allTime, or custom
[2025-04-15T14:59:22.295Z] [31MERROR[39M: Invalid or missing timePeriod. Use: last7days, lastMonth, lastYear, allTime, or custom
[2025-04-15T14:59:22.315Z] [31MERROR[39M: Validation errors:
[2025-04-15T14:59:22.316Z] [31MERROR[39M: Validation failed
[2025-04-15T14:59:22.335Z] [31MERROR[39M: Invalid or missing timePeriod. Use: last7days, lastMonth, lastYear, allTime, or custom
[2025-04-15T15:01:04.736Z] [31MERROR[39M: Unauthorized, please log in
[2025-04-15T15:01:15.267Z] [31MERROR[39M: Invalid or missing timePeriod. Use: last7days, lastMonth, lastYear, allTime, or custom
[2025-04-15T15:05:00.510Z] [31MERROR[39M: Invalid or missing timePeriod. Use: last7days, lastMonth, lastYear, allTime, or custom
[2025-04-15T17:57:24.725Z] [31MERROR[39M: Unauthorized, please log in
[2025-04-15T17:57:24.890Z] [31MERROR[39M: Refresh token not found
[2025-04-15T17:57:39.425Z] [31MERROR[39M: Invalid or missing timePeriod. Use: last7days, lastMonth, lastYear, allTime, or custom
[2025-04-15T17:57:39.454Z] [31MERROR[39M: Validation errors:
[2025-04-15T17:57:39.456Z] [31MERROR[39M: Validation failed
[2025-04-15T17:57:39.462Z] [31MERROR[39M: Invalid or missing timePeriod. Use: last7days, lastMonth, lastYear, allTime, or custom
[2025-04-15T17:58:13.557Z] [31MERROR[39M: Validation errors:
[2025-04-15T17:58:13.559Z] [31MERROR[39M: Validation failed
[2025-04-15T17:59:43.767Z] [31MERROR[39M: Invalid or missing timePeriod. Use: last7days, lastMonth, lastYear, allTime, or custom
[2025-04-15T17:59:43.783Z] [31MERROR[39M: Validation errors:
[2025-04-15T17:59:43.784Z] [31MERROR[39M: Validation failed
[2025-04-15T17:59:43.788Z] [31MERROR[39M: Invalid or missing timePeriod. Use: last7days, lastMonth, lastYear, allTime, or custom
[2025-04-15T17:59:49.779Z] [31MERROR[39M: Validation errors:
[2025-04-15T17:59:49.780Z] [31MERROR[39M: Validation failed
[2025-04-15T18:12:54.911Z] [31MERROR[39M: Validation errors:
[2025-04-15T18:12:54.912Z] [31MERROR[39M: Validation failed
[2025-04-15T18:22:32.505Z] [31MERROR[39M: Invalid access token, please log in
[2025-04-15T18:22:32.951Z] [31MERROR[39M: Validation errors:
[2025-04-15T18:22:32.953Z] [31MERROR[39M: Validation failed
[2025-04-15T18:22:32.960Z] [31MERROR[39M: Invalid or missing timePeriod. Use: last7days, lastMonth, lastYear, allTime, or custom
[2025-04-15T18:22:33.026Z] [31MERROR[39M: Invalid or missing timePeriod. Use: last7days, lastMonth, lastYear, allTime, or custom
[2025-04-15T18:25:45.653Z] [31MERROR[39M: Validation errors:
[2025-04-15T18:25:45.655Z] [31MERROR[39M: Validation failed
[2025-04-15T18:26:52.490Z] [31MERROR[39M: Unauthorized, please log in
[2025-04-15T18:28:48.520Z] [31MERROR[39M: Validation errors:
[2025-04-15T18:28:48.527Z] [31MERROR[39M: Validation failed
[2025-04-15T18:29:26.575Z] [31MERROR[39M: Validation errors:
[2025-04-15T18:29:26.577Z] [31MERROR[39M: Validation failed
[2025-04-15T18:29:59.294Z] [31MERROR[39M: Validation errors:
[2025-04-15T18:29:59.299Z] [31MERROR[39M: Validation failed
[2025-04-15T18:43:29.137Z] [31MERROR[39M: Unexpected field
[2025-04-15T18:45:55.552Z] [31MERROR[39M: Invalid categoryId: cat1
[2025-04-15T18:46:57.816Z] [31MERROR[39M: Invalid access token, please log in
[2025-04-15T18:46:58.076Z] [31MERROR[39M: Validation errors:
[2025-04-15T18:46:58.084Z] [31MERROR[39M: Validation failed
[2025-04-15T18:54:25.612Z] [31MERROR[39M: Invalid record: {"name":"Anker PowerCore 10000","description":"Portable charger, 10000mAh","price":29.99,"discount":0}
[2025-04-15T21:06:47.970Z] [31MERROR[39M: Unauthorized, please log in
[2025-04-15T21:06:48.231Z] [31MERROR[39M: Refresh token not found
[2025-04-15T21:08:45.336Z] [31MERROR[39M: Validation errors:
[2025-04-15T21:08:45.339Z] [31MERROR[39M: Validation failed
[2025-04-15T21:09:42.862Z] [31MERROR[39M: Validation errors:
[2025-04-15T21:09:42.867Z] [31MERROR[39M: Validation failed
[2025-04-15T21:11:47.997Z] [31MERROR[39M: Validation errors:
[2025-04-15T21:11:47.998Z] [31MERROR[39M: Validation failed
[2025-04-15T21:13:45.456Z] [31MERROR[39M: Can't find /api/v1/reviews/525e7a84-1888-419e-bc0d-386b8d7644f1 on this server!
[2025-04-15T21:14:15.821Z] [31MERROR[39M: Can't find /api/v1/reviews/525e7a84-1888-419e-bc0d-386b8d7644f1 on this server!
[2025-04-15T21:15:39.418Z] [31MERROR[39M: Can't find /api/v1/reviews/525e7a84-1888-419e-bc0d-386b8d7644f1 on this server!
[2025-04-15T21:21:02.343Z] [31MERROR[39M: Validation errors:
[2025-04-15T21:21:02.348Z] [31MERROR[39M: Validation failed
[2025-04-15T21:26:08.352Z] [31MERROR[39M: Invalid access token, please log in
[2025-04-15T21:35:18.255Z] [31MERROR[39M: Validation errors:
[2025-04-15T21:35:18.256Z] [31MERROR[39M: Validation failed
[2025-04-15T21:43:46.468Z] [31MERROR[39M: Invalid access token, please log in
[2025-04-15T21:43:46.481Z] [31MERROR[39M: Invalid access token, please log in
[2025-04-15T21:43:46.493Z] [31MERROR[39M: Invalid access token, please log in
[2025-04-15T21:43:46.542Z] [31MERROR[39M: Refresh token not found
[2025-04-15T21:43:46.551Z] [31MERROR[39M: Refresh token not found
[2025-04-15T21:43:54.746Z] [31MERROR[39M: Validation errors:
[2025-04-15T21:43:54.748Z] [31MERROR[39M: Validation failed
[2025-04-15T21:46:37.879Z] [31MERROR[39M: Validation errors:
[2025-04-15T21:46:37.880Z] [31MERROR[39M: Validation failed
[2025-04-15T21:46:54.276Z] [31MERROR[39M: Validation errors:
[2025-04-15T21:46:54.277Z] [31MERROR[39M: Validation failed
[2025-04-15T21:47:10.901Z] [31MERROR[39M: Validation errors:
[2025-04-15T21:47:10.902Z] [31MERROR[39M: Validation failed
[2025-04-15T21:47:55.933Z] [31MERROR[39M: Validation errors:
[2025-04-15T21:47:55.934Z] [31MERROR[39M: Validation failed
[2025-04-16T15:38:12.962Z] [31MERROR[39M: Unauthorized, please log in
[2025-04-16T15:38:13.098Z] [31MERROR[39M: Refresh token not found
[2025-04-16T15:38:23.688Z] [31MERROR[39M: Validation errors:
[2025-04-16T15:38:23.690Z] [31MERROR[39M: Validation failed
[2025-04-16T15:38:23.746Z] [31MERROR[39M: No payments found for this user
[2025-04-16T15:38:23.781Z] [31MERROR[39M: No orders found
[2025-04-16T15:38:26.356Z] [31MERROR[39M: No payments found for this user
[2025-04-16T15:38:26.357Z] [31MERROR[39M: Validation errors:
[2025-04-16T15:38:26.358Z] [31MERROR[39M: Validation failed
[2025-04-16T15:38:26.389Z] [31MERROR[39M: No orders found
[2025-04-16T15:39:18.477Z] [31MERROR[39M: No payments found for this user
[2025-04-16T15:39:18.478Z] [31MERROR[39M: Validation errors:
[2025-04-16T15:39:18.479Z] [31MERROR[39M: Validation failed
[2025-04-16T15:39:18.481Z] [31MERROR[39M: No orders found
[2025-04-16T15:39:44.565Z] [31MERROR[39M: No orders found
[2025-04-16T15:39:44.580Z] [31MERROR[39M: No payments found for this user
[2025-04-16T15:39:44.587Z] [31MERROR[39M: Validation errors:
[2025-04-16T15:39:44.590Z] [31MERROR[39M: Validation failed
[2025-04-16T15:40:24.329Z] [31MERROR[39M: No orders found
[2025-04-16T15:40:24.332Z] [31MERROR[39M: No payments found for this user
[2025-04-16T15:40:24.457Z] [31MERROR[39M: Validation errors:
[2025-04-16T15:40:24.460Z] [31MERROR[39M: Validation failed
[2025-04-16T15:52:09.033Z] [31MERROR[39M: No payments found for this user
[2025-04-16T15:52:09.046Z] [31MERROR[39M: Validation errors:
[2025-04-16T15:52:09.048Z] [31MERROR[39M: Validation failed
[2025-04-16T15:52:09.061Z] [31MERROR[39M: No orders found
[2025-04-16T15:54:32.424Z] [31MERROR[39M: No payments found for this user
[2025-04-16T15:54:32.434Z] [31MERROR[39M: No orders found
[2025-04-16T15:54:32.440Z] [31MERROR[39M: Validation errors:
[2025-04-16T15:54:32.444Z] [31MERROR[39M: Validation failed
[2025-04-16T16:03:46.951Z] [31MERROR[39M: Invalid access token, please log in
[2025-04-16T16:04:06.419Z] [31MERROR[39M: No orders found
[2025-04-16T16:04:06.428Z] [31MERROR[39M: No payments found for this user
[2025-04-16T16:04:06.478Z] [31MERROR[39M: Validation errors:
[2025-04-16T16:04:06.483Z] [31MERROR[39M: Validation failed
[2025-04-16T16:04:24.316Z] [31MERROR[39M: Record not found
[2025-04-16T16:04:26.701Z] [31MERROR[39M: No payments found for this user
[2025-04-16T16:04:26.718Z] [31MERROR[39M: No orders found
[2025-04-16T16:04:26.722Z] [31MERROR[39M: Validation errors:
[2025-04-16T16:04:26.723Z] [31MERROR[39M: Validation failed
[2025-04-16T16:05:54.180Z] [31MERROR[39M: No payments found for this user
[2025-04-16T16:05:54.187Z] [31MERROR[39M: Validation errors:
[2025-04-16T16:05:54.188Z] [31MERROR[39M: Validation failed
[2025-04-16T16:05:54.202Z] [31MERROR[39M: No orders found
[2025-04-16T16:06:04.139Z] [31MERROR[39M: No payments found for this user
[2025-04-16T16:06:04.146Z] [31MERROR[39M: No orders found
[2025-04-16T16:06:04.150Z] [31MERROR[39M: Validation errors:
[2025-04-16T16:06:04.151Z] [31MERROR[39M: Validation failed
[2025-04-16T16:06:43.819Z] [31MERROR[39M: No orders found
[2025-04-16T16:06:43.821Z] [31MERROR[39M: No payments found for this user
[2025-04-16T16:06:43.839Z] [31MERROR[39M: Validation errors:
[2025-04-16T16:06:43.847Z] [31MERROR[39M: Validation failed
[2025-04-16T16:08:19.759Z] [31MERROR[39M: No orders found
[2025-04-16T16:08:22.042Z] [31MERROR[39M: No orders found
[2025-04-16T16:08:22.048Z] [31MERROR[39M: No payments found for this user
[2025-04-16T16:08:22.049Z] [31MERROR[39M: Validation errors:
[2025-04-16T16:08:22.049Z] [31MERROR[39M: Validation failed
[2025-04-16T16:08:33.042Z] [31MERROR[39M: Unauthorized, please log in
[2025-04-16T16:08:33.044Z] [31MERROR[39M: Unauthorized, please log in
[2025-04-16T16:08:33.046Z] [31MERROR[39M: Unauthorized, please log in
[2025-04-16T16:08:33.070Z] [31MERROR[39M: Unauthorized, please log in
[2025-04-16T16:08:33.104Z] [31MERROR[39M: Refresh token not found
[2025-04-16T16:08:33.129Z] [31MERROR[39M: Refresh token not found
[2025-04-16T16:08:33.285Z] [31MERROR[39M: Refresh token not found
[2025-04-17T07:37:06.842Z] [31MERROR[39M: Can't find /graphql on this server!
[2025-04-17T07:37:07.049Z] [31MERROR[39M: Can't find /favicon.ico on this server!
[2025-04-17T07:40:44.903Z] [31MERROR[39M: Can't find /graphql on this server!
[2025-04-17T07:42:06.568Z] [31MERROR[39M: Can't find /graphql on this server!
[2025-04-17T07:42:21.079Z] [31MERROR[39M: Can't find /graphql on this server!
[2025-04-17T07:42:23.730Z] [31MERROR[39M: Can't find /graphql on this server!
[2025-04-17T07:48:02.350Z] [31MERROR[39M: Route not found
[2025-04-17T07:48:03.007Z] [31MERROR[39M: Route not found
[2025-04-17T07:51:05.596Z] [31MERROR[39M: Route not found
[2025-04-17T08:05:15.331Z] [31MERROR[39M: Unauthorized, please log in
[2025-04-17T08:05:15.412Z] [31MERROR[39M: Refresh token not found
[2025-04-17T08:05:44.985Z] [31MERROR[39M: Unauthorized, please log in
[2025-04-17T08:05:45.023Z] [31MERROR[39M: Refresh token not found
[2025-04-17T08:08:56.007Z] [31MERROR[39M: CORS policy violation
[2025-04-17T08:08:57.311Z] [31MERROR[39M: CORS policy violation
[2025-04-17T08:08:58.189Z] [31MERROR[39M: CORS policy violation
[2025-04-17T08:09:13.987Z] [31MERROR[39M: CORS policy violation
[2025-04-17T08:09:15.356Z] [31MERROR[39M: CORS policy violation
[2025-04-17T08:09:20.213Z] [31MERROR[39M: CORS policy violation
[2025-04-17T08:23:24.801Z] [31MERROR[39M: CORS policy violation
[2025-04-17T08:23:29.796Z] [31MERROR[39M: CORS policy violation
[2025-04-17T08:23:34.797Z] [31MERROR[39M: CORS policy violation
[2025-04-17T08:23:39.383Z] [31MERROR[39M: CORS policy violation
[2025-04-17T08:23:44.382Z] [31MERROR[39M: CORS policy violation
[2025-04-17T08:23:49.383Z] [31MERROR[39M: CORS policy violation
[2025-04-17T08:23:54.382Z] [31MERROR[39M: CORS policy violation
[2025-04-17T08:23:59.382Z] [31MERROR[39M: CORS policy violation
[2025-04-17T08:24:04.382Z] [31MERROR[39M: CORS policy violation
[2025-04-17T08:24:06.150Z] [31MERROR[39M: CORS policy violation
[2025-04-17T08:24:09.382Z] [31MERROR[39M: CORS policy violation
[2025-04-17T08:24:14.382Z] [31MERROR[39M: CORS policy violation
[2025-04-17T08:24:19.382Z] [31MERROR[39M: CORS policy violation
[2025-04-17T08:24:24.392Z] [31MERROR[39M: CORS policy violation
[2025-04-17T08:24:29.382Z] [31MERROR[39M: CORS policy violation
[2025-04-17T08:25:16.454Z] [31MERROR[39M: CORS policy violation
[2025-04-17T08:25:21.449Z] [31MERROR[39M: CORS policy violation
[2025-04-17T08:25:26.450Z] [31MERROR[39M: CORS policy violation
[2025-04-17T08:26:07.177Z] [31MERROR[39M: CORS policy violation
[2025-04-17T08:26:08.012Z] [31MERROR[39M: CORS policy violation
[2025-04-17T08:26:09.745Z] [31MERROR[39M: CORS policy violation
[2025-04-17T08:26:13.012Z] [31MERROR[39M: CORS policy violation
[2025-04-17T08:26:42.631Z] [31MERROR[39M: CORS policy violation
[2025-04-17T08:26:47.628Z] [31MERROR[39M: CORS policy violation
[2025-04-17T08:26:52.627Z] [31MERROR[39M: CORS policy violation
[2025-04-17T08:26:57.629Z] [31MERROR[39M: CORS policy violation
[2025-04-17T08:26:59.071Z] [31MERROR[39M: CORS policy violation
[2025-04-17T08:27:02.630Z] [31MERROR[39M: CORS policy violation
[2025-04-17T08:27:07.627Z] [31MERROR[39M: CORS policy violation
[2025-04-17T08:27:12.628Z] [31MERROR[39M: CORS policy violation
[2025-04-17T08:31:44.589Z] [31MERROR[39M: Invalid access token, please log in
[2025-04-17T08:45:25.008Z] [31MERROR[39M: No orders found
[2025-04-17T08:45:25.036Z] [31MERROR[39M: No payments found for this user
[2025-04-17T08:45:25.052Z] [31MERROR[39M: Validation errors:
[2025-04-17T08:45:25.054Z] [31MERROR[39M: Validation failed
[2025-04-17T08:45:35.776Z] [31MERROR[39M: No orders found
[2025-04-17T08:45:35.777Z] [31MERROR[39M: No payments found for this user
[2025-04-17T08:45:35.804Z] [31MERROR[39M: Validation errors:
[2025-04-17T08:45:35.805Z] [31MERROR[39M: Validation failed
[2025-04-17T08:46:14.056Z] [31MERROR[39M: No payments found for this user
[2025-04-17T08:46:14.061Z] [31MERROR[39M: No orders found
[2025-04-17T08:46:14.079Z] [31MERROR[39M: Validation errors:
[2025-04-17T08:46:14.080Z] [31MERROR[39M: Validation failed
[2025-04-17T08:46:30.301Z] [31MERROR[39M: No payments found for this user
[2025-04-17T08:46:30.307Z] [31MERROR[39M: No orders found
[2025-04-17T08:46:30.317Z] [31MERROR[39M: Validation errors:
[2025-04-17T08:46:30.319Z] [31MERROR[39M: Validation failed
[2025-04-17T08:46:46.096Z] [31MERROR[39M: No orders found
[2025-04-17T08:46:46.100Z] [31MERROR[39M: No payments found for this user
[2025-04-17T08:46:46.101Z] [31MERROR[39M: Validation errors:
[2025-04-17T08:46:46.102Z] [31MERROR[39M: Validation failed
[2025-04-17T08:48:19.154Z] [31MERROR[39M: No orders found
[2025-04-17T08:48:19.155Z] [31MERROR[39M: No payments found for this user
[2025-04-17T08:48:19.158Z] [31MERROR[39M: Validation errors:
[2025-04-17T08:48:19.158Z] [31MERROR[39M: Validation failed
[2025-04-17T08:50:43.285Z] [31MERROR[39M: No payments found for this user
[2025-04-17T08:50:43.291Z] [31MERROR[39M: No orders found
[2025-04-17T08:50:43.292Z] [31MERROR[39M: Validation errors:
[2025-04-17T08:50:43.293Z] [31MERROR[39M: Validation failed
[2025-04-17T08:50:51.358Z] [31MERROR[39M: No orders found
[2025-04-17T08:50:51.360Z] [31MERROR[39M: No payments found for this user
[2025-04-17T08:50:51.385Z] [31MERROR[39M: Validation errors:
[2025-04-17T08:50:51.386Z] [31MERROR[39M: Validation failed
[2025-04-17T08:52:32.956Z] [31MERROR[39M: No payments found for this user
[2025-04-17T08:52:32.965Z] [31MERROR[39M: No orders found
[2025-04-17T08:52:32.988Z] [31MERROR[39M: Validation errors:
[2025-04-17T08:52:32.990Z] [31MERROR[39M: Validation failed
[2025-04-17T08:52:39.702Z] [31MERROR[39M: No payments found for this user
[2025-04-17T08:52:39.728Z] [31MERROR[39M: No orders found
[2025-04-17T08:52:39.796Z] [31MERROR[39M: Validation errors:
[2025-04-17T08:52:39.800Z] [31MERROR[39M: Validation failed
[2025-04-17T08:52:58.652Z] [31MERROR[39M: No orders found
[2025-04-17T08:52:58.656Z] [31MERROR[39M: No payments found for this user
[2025-04-17T08:52:58.688Z] [31MERROR[39M: Validation errors:
[2025-04-17T08:52:58.693Z] [31MERROR[39M: Validation failed
[2025-04-17T08:54:11.208Z] [31MERROR[39M: Invalid access token, please log in
[2025-04-17T08:54:20.638Z] [31MERROR[39M: No orders found
[2025-04-17T08:54:20.645Z] [31MERROR[39M: No payments found for this user
[2025-04-17T08:54:20.669Z] [31MERROR[39M: Validation errors:
[2025-04-17T08:54:20.669Z] [31MERROR[39M: Validation failed
[2025-04-17T08:54:36.124Z] [31MERROR[39M: No payments found for this user
[2025-04-17T08:54:36.130Z] [31MERROR[39M: No orders found
[2025-04-17T08:54:36.147Z] [31MERROR[39M: Validation errors:
[2025-04-17T08:54:36.149Z] [31MERROR[39M: Validation failed
[2025-04-17T08:54:55.233Z] [31MERROR[39M: No orders found
[2025-04-17T08:54:55.236Z] [31MERROR[39M: Validation errors:
[2025-04-17T08:54:55.236Z] [31MERROR[39M: Validation failed
[2025-04-17T08:54:55.245Z] [31MERROR[39M: No payments found for this user
[2025-04-17T08:55:45.246Z] [31MERROR[39M: No orders found
[2025-04-17T08:55:45.252Z] [31MERROR[39M: No payments found for this user
[2025-04-17T08:55:45.271Z] [31MERROR[39M: Validation errors:
[2025-04-17T08:55:45.272Z] [31MERROR[39M: Validation failed
[2025-04-17T12:29:39.232Z] [31MERROR[39M: Unauthorized, please log in
[2025-04-17T12:29:39.339Z] [31MERROR[39M: Refresh token not found
[2025-04-17T12:32:31.740Z] [31MERROR[39M: Unauthorized, please log in
[2025-04-17T12:32:31.840Z] [31MERROR[39M: Refresh token not found
[2025-04-17T12:32:40.785Z] [31MERROR[39M: Unauthorized, please log in
[2025-04-17T12:32:40.819Z] [31MERROR[39M: Refresh token not found
[2025-04-17T12:34:05.752Z] [31MERROR[39M: Unauthorized, please log in
[2025-04-17T12:34:05.791Z] [31MERROR[39M: Refresh token not found
[2025-04-17T12:38:52.659Z] [31MERROR[39M: No orders found
[2025-04-17T12:38:52.674Z] [31MERROR[39M: Validation errors:
[2025-04-17T12:38:52.685Z] [31MERROR[39M: Validation failed
[2025-04-17T12:38:52.702Z] [31MERROR[39M: No payments found for this user
[2025-04-17T12:39:54.903Z] [31MERROR[39M: No payments found for this user
[2025-04-17T12:39:54.905Z] [31MERROR[39M: Validation errors:
[2025-04-17T12:39:54.906Z] [31MERROR[39M: No orders found
[2025-04-17T12:39:54.909Z] [31MERROR[39M: Validation failed
[2025-04-17T12:39:56.173Z] [31MERROR[39M: No payments found for this user
[2025-04-17T12:39:56.186Z] [31MERROR[39M: No orders found
[2025-04-17T12:39:56.197Z] [31MERROR[39M: Validation errors:
[2025-04-17T12:39:56.203Z] [31MERROR[39M: Validation failed
[2025-04-17T12:40:06.119Z] [31MERROR[39M: Validation errors:
[2025-04-17T12:40:06.120Z] [31MERROR[39M: No orders found
[2025-04-17T12:40:06.121Z] [31MERROR[39M: No payments found for this user
[2025-04-17T12:40:06.122Z] [31MERROR[39M: Validation failed
[2025-04-17T12:40:07.343Z] [31MERROR[39M: No orders found
[2025-04-17T12:40:07.345Z] [31MERROR[39M: No payments found for this user
[2025-04-17T12:40:07.393Z] [31MERROR[39M: Validation errors:
[2025-04-17T12:40:07.402Z] [31MERROR[39M: Validation failed
[2025-04-17T12:40:32.780Z] [31MERROR[39M: No orders found
[2025-04-17T12:40:32.783Z] [31MERROR[39M: No payments found for this user
[2025-04-17T12:40:32.793Z] [31MERROR[39M: Validation errors:
[2025-04-17T12:40:32.800Z] [31MERROR[39M: Validation failed
[2025-04-17T12:42:01.952Z] [31MERROR[39M: No orders found
[2025-04-17T12:42:01.961Z] [31MERROR[39M: No payments found for this user
[2025-04-17T12:42:01.975Z] [31MERROR[39M: Validation errors:
[2025-04-17T12:42:01.990Z] [31MERROR[39M: Validation failed
[2025-04-17T12:43:07.293Z] [31MERROR[39M: No orders found
[2025-04-17T12:43:07.309Z] [31MERROR[39M: No payments found for this user
[2025-04-17T12:43:07.325Z] [31MERROR[39M: Validation errors:
[2025-04-17T12:43:07.337Z] [31MERROR[39M: Validation failed
[2025-04-17T12:43:14.842Z] [31MERROR[39M: No orders found
[2025-04-17T12:44:28.399Z] [31MERROR[39M: No orders found
[2025-04-17T12:44:28.402Z] [31MERROR[39M: Validation errors:
[2025-04-17T12:44:28.409Z] [31MERROR[39M: No payments found for this user
[2025-04-17T12:44:28.412Z] [31MERROR[39M: Validation failed
[2025-04-17T12:45:33.938Z] [31MERROR[39M: No orders found
[2025-04-17T12:45:33.947Z] [31MERROR[39M: No payments found for this user
[2025-04-17T12:45:33.956Z] [31MERROR[39M: Validation errors:
[2025-04-17T12:45:33.963Z] [31MERROR[39M: Validation failed
[2025-04-17T12:45:41.439Z] [31MERROR[39M: No orders found
[2025-04-17T12:45:41.440Z] [31MERROR[39M: No payments found for this user
[2025-04-17T12:45:41.450Z] [31MERROR[39M: Validation errors:
[2025-04-17T12:45:41.454Z] [31MERROR[39M: Validation failed
[2025-04-17T12:48:58.117Z] [31MERROR[39M: Validation errors:
[2025-04-17T12:48:58.120Z] [31MERROR[39M: No orders found
[2025-04-17T12:48:58.122Z] [31MERROR[39M: Validation failed
[2025-04-17T12:48:58.151Z] [31MERROR[39M: No payments found for this user
[2025-04-17T12:52:53.708Z] [31MERROR[39M: No orders found
[2025-04-17T12:52:53.709Z] [31MERROR[39M: No payments found for this user
[2025-04-17T12:52:53.710Z] [31MERROR[39M: Validation errors:
[2025-04-17T12:52:53.720Z] [31MERROR[39M: Validation failed
[2025-04-17T12:55:12.353Z] [31MERROR[39M: Invalid access token, please log in
[2025-04-17T12:55:12.639Z] [31MERROR[39M: No orders found
[2025-04-17T12:55:12.642Z] [31MERROR[39M: Validation errors:
[2025-04-17T12:55:12.644Z] [31MERROR[39M: No payments found for this user
[2025-04-17T12:55:12.645Z] [31MERROR[39M: Validation failed
[2025-04-17T13:04:32.365Z] [31MERROR[39M: No payments found for this user
[2025-04-17T13:04:32.370Z] [31MERROR[39M: Validation errors:
[2025-04-17T13:04:32.374Z] [31MERROR[39M: Validation failed
[2025-04-17T13:04:32.381Z] [31MERROR[39M: No orders found
[2025-04-17T13:06:37.173Z] [31MERROR[39M: No payments found for this user
[2025-04-17T13:06:37.179Z] [31MERROR[39M: No orders found
[2025-04-17T13:06:37.181Z] [31MERROR[39M: Validation errors:
[2025-04-17T13:06:37.188Z] [31MERROR[39M: Validation failed
[2025-04-17T13:12:42.381Z] [31MERROR[39M: No payments found for this user
[2025-04-17T13:12:42.387Z] [31MERROR[39M: No orders found
[2025-04-17T13:12:42.402Z] [31MERROR[39M: Validation errors:
[2025-04-17T13:12:42.402Z] [31MERROR[39M: Validation failed
[2025-04-17T13:30:46.026Z] [31MERROR[39M: Invalid access token, please log in
[2025-04-17T13:52:20.840Z] [31MERROR[39M: Invalid access token, please log in
[2025-04-17T16:18:59.233Z] [31MERROR[39M: Unauthorized, please log in
[2025-04-17T16:19:49.087Z] [31MERROR[39M: Prisma error: 
Invalid `prisma.product.create()` invocation in
/home/abdelrahman-aboalkhair/Projects/WEB/code/full-stack-ecommerce/server/src/modules/product/product.repository.ts:104:27

  101   stock: number;
  102   categoryId?: string;
  103 }) {
→ 104   return prisma.product.create(
Foreign key constraint violated: `Product_categoryId_fkey (index)`
[2025-04-17T16:43:14.200Z] [31MERROR[39M: Unauthorized, please log in
[2025-04-17T16:43:14.342Z] [31MERROR[39M: Refresh token not found
[2025-04-17T16:49:40.295Z] [31MERROR[39M: Unauthorized, please log in
[2025-04-17T16:49:40.485Z] [31MERROR[39M: Refresh token not found
[2025-04-17T16:50:22.690Z] [31MERROR[39M: Unauthorized, please log in
[2025-04-17T16:50:22.793Z] [31MERROR[39M: Refresh token not found
[2025-04-17T16:50:39.398Z] [31MERROR[39M: Unauthorized, please log in
[2025-04-17T16:50:39.456Z] [31MERROR[39M: Refresh token not found
[2025-04-17T16:53:14.265Z] [31MERROR[39M: Unauthorized, please log in
[2025-04-17T16:53:14.464Z] [31MERROR[39M: Refresh token not found
[2025-04-17T16:54:56.551Z] [31MERROR[39M: Unauthorized, please log in
[2025-04-17T16:54:56.568Z] [31MERROR[39M: Refresh token not found
[2025-04-17T16:55:29.034Z] [31MERROR[39M: Unauthorized, please log in
[2025-04-17T16:55:29.096Z] [31MERROR[39M: Refresh token not found
[2025-04-17T16:55:44.287Z] [31MERROR[39M: Unauthorized, please log in
[2025-04-17T16:55:44.563Z] [31MERROR[39M: Refresh token not found
[2025-04-17T17:00:22.652Z] [31MERROR[39M: Unauthorized, please log in
[2025-04-17T17:00:22.836Z] [31MERROR[39M: Refresh token not found
[2025-04-17T17:01:37.341Z] [31MERROR[39M: Unauthorized, please log in
[2025-04-17T17:01:37.478Z] [31MERROR[39M: Refresh token not found
[2025-04-17T17:02:19.177Z] [31MERROR[39M: Unauthorized, please log in
[2025-04-17T17:02:19.343Z] [31MERROR[39M: Refresh token not found
[2025-04-18T06:29:21.513Z] [31MERROR[39M: Unauthorized, please log in
[2025-04-18T06:29:21.743Z] [31MERROR[39M: Refresh token not found
[2025-04-18T07:16:49.720Z] [31MERROR[39M: Unauthorized, please log in
[2025-04-18T07:16:49.889Z] [31MERROR[39M: Refresh token not found
[2025-04-18T07:17:36.172Z] [31MERROR[39M: Unauthorized, please log in
[2025-04-18T07:17:36.199Z] [31MERROR[39M: Refresh token not found
[2025-04-18T07:45:36.842Z] [31MERROR[39M: Invalid access token, please log in
[2025-04-18T07:53:08.070Z] [31MERROR[39M: request entity too large
[2025-04-18T07:53:12.383Z] [31MERROR[39M: request entity too large
[2025-04-18T07:53:38.333Z] [31MERROR[39M: request entity too large
[2025-04-18T07:56:45.236Z] [31MERROR[39M: CORS policy violation
[2025-04-18T07:57:18.453Z] [31MERROR[39M: CORS policy violation
[2025-04-18T07:57:18.665Z] [31MERROR[39M: CORS policy violation
[2025-04-18T07:57:18.670Z] [31MERROR[39M: CORS policy violation
[2025-04-18T07:59:02.320Z] [31MERROR[39M: request entity too large
[2025-04-18T08:02:22.243Z] [31MERROR[39M: Duplicate field value entered
[2025-04-18T08:02:37.964Z] [31MERROR[39M: Duplicate field value entered
