[2025-04-17T16:34:12.007Z] [31MERROR[39M: uncaughtException: Syntax Error: Expected Name, found "(".
GraphQLError: Syntax Error: Expected Name, found "(".
    at syntaxError (/home/abdelrahman-aboalkhair/Projects/WEB/code/full-stack-ecommerce/server/node_modules/graphql/error/syntaxError.js:15:10)
    at Parser.expectToken (/home/abdelrahman-aboalkhair/Projects/WEB/code/full-stack-ecommerce/server/node_modules/graphql/language/parser.js:1406:40)
    at Parser.parseName (/home/abdelrahman-aboalkhair/Projects/WEB/code/full-stack-ecommerce/server/node_modules/graphql/language/parser.js:117:24)
    at Parser.parseNamedType (/home/abdelrahman-aboalkhair/Projects/WEB/code/full-stack-ecommerce/server/node_modules/graphql/language/parser.js:716:18)
    at Parser.parseTypeReference (/home/abdelrahman-aboalkhair/Projects/WEB/code/full-stack-ecommerce/server/node_modules/graphql/language/parser.js:697:19)
    at Parser.parseFieldDefinition (/home/abdelrahman-aboalkhair/Projects/WEB/code/full-stack-ecommerce/server/node_modules/graphql/language/parser.js:848:23)
    at Parser.optionalMany (/home/abdelrahman-aboalkhair/Projects/WEB/code/full-stack-ecommerce/server/node_modules/graphql/language/parser.js:1501:28)
    at Parser.parseFieldsDefinition (/home/abdelrahman-aboalkhair/Projects/WEB/code/full-stack-ecommerce/server/node_modules/graphql/language/parser.js:831:17)
    at Parser.parseObjectTypeDefinition (/home/abdelrahman-aboalkhair/Projects/WEB/code/full-stack-ecommerce/server/node_modules/graphql/language/parser.js:803:25)
    at Parser.parseDefinition (/home/abdelrahman-aboalkhair/Projects/WEB/code/full-stack-ecommerce/server/node_modules/graphql/language/parser.js:181:23)
    at Parser.many (/home/abdelrahman-aboalkhair/Projects/WEB/code/full-stack-ecommerce/server/node_modules/graphql/language/parser.js:1520:26)
    at Parser.parseDocument (/home/abdelrahman-aboalkhair/Projects/WEB/code/full-stack-ecommerce/server/node_modules/graphql/language/parser.js:131:25)
    at Object.parse (/home/abdelrahman-aboalkhair/Projects/WEB/code/full-stack-ecommerce/server/node_modules/graphql/language/parser.js:32:27)
    at parseDocument (/home/abdelrahman-aboalkhair/Projects/WEB/code/full-stack-ecommerce/server/node_modules/graphql-tag/src/index.ts:96:20)
    at gql (/home/abdelrahman-aboalkhair/Projects/WEB/code/full-stack-ecommerce/server/node_modules/graphql-tag/src/index.ts:134:10)
    at Object.<anonymous> (/home/abdelrahman-aboalkhair/Projects/WEB/code/full-stack-ecommerce/server/src/modules/product/graphql/schema.ts:5:21)
[2025-04-17T16:35:01.558Z] [31MERROR[39M: uncaughtException: Syntax Error: Expected Name, found "(".
GraphQLError: Syntax Error: Expected Name, found "(".
    at syntaxError (/home/abdelrahman-aboalkhair/Projects/WEB/code/full-stack-ecommerce/server/node_modules/graphql/error/syntaxError.js:15:10)
    at Parser.expectToken (/home/abdelrahman-aboalkhair/Projects/WEB/code/full-stack-ecommerce/server/node_modules/graphql/language/parser.js:1406:40)
    at Parser.parseName (/home/abdelrahman-aboalkhair/Projects/WEB/code/full-stack-ecommerce/server/node_modules/graphql/language/parser.js:117:24)
    at Parser.parseNamedType (/home/abdelrahman-aboalkhair/Projects/WEB/code/full-stack-ecommerce/server/node_modules/graphql/language/parser.js:716:18)
    at Parser.parseTypeReference (/home/abdelrahman-aboalkhair/Projects/WEB/code/full-stack-ecommerce/server/node_modules/graphql/language/parser.js:697:19)
    at Parser.parseFieldDefinition (/home/abdelrahman-aboalkhair/Projects/WEB/code/full-stack-ecommerce/server/node_modules/graphql/language/parser.js:848:23)
    at Parser.optionalMany (/home/abdelrahman-aboalkhair/Projects/WEB/code/full-stack-ecommerce/server/node_modules/graphql/language/parser.js:1501:28)
    at Parser.parseFieldsDefinition (/home/abdelrahman-aboalkhair/Projects/WEB/code/full-stack-ecommerce/server/node_modules/graphql/language/parser.js:831:17)
    at Parser.parseObjectTypeDefinition (/home/abdelrahman-aboalkhair/Projects/WEB/code/full-stack-ecommerce/server/node_modules/graphql/language/parser.js:803:25)
    at Parser.parseDefinition (/home/abdelrahman-aboalkhair/Projects/WEB/code/full-stack-ecommerce/server/node_modules/graphql/language/parser.js:181:23)
    at Parser.many (/home/abdelrahman-aboalkhair/Projects/WEB/code/full-stack-ecommerce/server/node_modules/graphql/language/parser.js:1520:26)
    at Parser.parseDocument (/home/abdelrahman-aboalkhair/Projects/WEB/code/full-stack-ecommerce/server/node_modules/graphql/language/parser.js:131:25)
    at Object.parse (/home/abdelrahman-aboalkhair/Projects/WEB/code/full-stack-ecommerce/server/node_modules/graphql/language/parser.js:32:27)
    at parseDocument (/home/abdelrahman-aboalkhair/Projects/WEB/code/full-stack-ecommerce/server/node_modules/graphql-tag/src/index.ts:96:20)
    at gql (/home/abdelrahman-aboalkhair/Projects/WEB/code/full-stack-ecommerce/server/node_modules/graphql-tag/src/index.ts:134:10)
    at Object.<anonymous> (/home/abdelrahman-aboalkhair/Projects/WEB/code/full-stack-ecommerce/server/src/modules/product/graphql/schema.ts:5:21)
