[2025-04-02T11:35:31.496Z] [31MERROR[39M: 
Invalid `prisma.cart.create()` invocation in
/home/abdelrahman-aboalkhair/Projects/WEB/code/full-stack-ecommerce/server/src/repositories/cartRepository.ts:19:24

  16 }
  17 
  18 async createCart(data: { userId?: string; id?: string }) {
→ 19   return prisma.cart.create({
         data: {
           userId: undefined,
       +   id: String
         },
         include: {
           cartItems: {
             include: {
               product: true
             }
           }
         }
       })

Argument `id` is missing.
[2025-04-03T01:51:42.882Z] [31MERROR[39M: Invalid access token, please log in
[2025-04-03T01:51:43.536Z] [31MERROR[39M: Invalid access token, please log in
[2025-04-03T02:04:21.700Z] [31MERROR[39M: Invalid access token, please log in
